This is LuaHBTeX, Version 1.18.1 (MiKTeX 24.4) (format=lualatex 2024.11.14)  2 FEB 2025 12:02
 restricted system commands enabled.
**arXiv-2501.tex
(./arXiv-2501.tex
LaTeX2e <2024-11-01>
L3 programming layer <2024-11-02>
Lua module: luaotfload 2024-02-14 v3.28 Lua based OpenType font support
Lua module: lualibs 2023-07-13 v2.76 ConTeXt Lua standard libraries.
Lua module: lualibs-extended 2023-07-13 v2.76 ConTeXt Lua libraries -- extended 
collection.
luaotfload | conf : Root cache directory is "C:/Users/boomelage/AppData/Local/Mi
KTeX/luatex-cache/generic/names".
luaotfload | init : Loading fontloader "fontloader-2023-12-28.lua" from kpse-res
olved path "C:/Users/boomelage/AppData/Local/Programs/MiKTeX/tex/luatex/luaotflo
ad/fontloader-2023-12-28.lua".
Lua-only attribute luaotfload@noligature = 1
luaotfload | init : Context OpenType loader version 3.134
Inserting `luaotfload.node_processor' in `pre_linebreak_filter'.
Inserting `luaotfload.node_processor' in `hpack_filter'.
Inserting `luaotfload.glyph_stream' in `glyph_stream_provider'.
Inserting `luaotfload.define_font' in `define_font'.
Lua-only attribute luaotfload_color_attribute = 2
luaotfload | conf : Root cache directory is "C:/Users/boomelage/AppData/Local/Mi
KTeX/luatex-cache/generic/names".
Inserting `luaotfload.harf.strip_prefix' in `find_opentype_file'.
Inserting `luaotfload.harf.strip_prefix' in `find_truetype_file'.
Removing  `luaotfload.glyph_stream' from `glyph_stream_provider'.
Inserting `luaotfload.harf.glyphstream' in `glyph_stream_provider'.
Inserting `luaotfload.harf.finalize_vlist' in `post_linebreak_filter'.
Inserting `luaotfload.harf.finalize_hlist' in `hpack_filter'.
Inserting `luaotfload.cleanup_files' in `wrapup_run'.
Inserting `luaotfload.harf.finalize_unicode' in `finish_pdffile'.
Inserting `luaotfload.glyphinfo' in `glyph_info'.
Lua-only attribute luaotfload.letterspace_done = 3
Inserting `luaotfload.aux.set_sscale_dimens' in `luaotfload.patch_font'.
Inserting `luaotfload.aux.set_font_index' in `luaotfload.patch_font'.
Inserting `luaotfload.aux.patch_cambria_domh' in `luaotfload.patch_font'.
Inserting `luaotfload.aux.fixup_fontdata' in `luaotfload.patch_font_unsafe'.
Inserting `luaotfload.aux.set_capheight' in `luaotfload.patch_font'.
Inserting `luaotfload.aux.set_xheight' in `luaotfload.patch_font'.
Inserting `luaotfload.rewrite_fontname' in `luaotfload.patch_font'.
Inserting `tracingstacklevels' in `input_level_string'.

! LaTeX Error: Missing \begin{document}.

See the LaTeX manual or LaTeX Companion for explanation.
Type  H <return>  for immediate help.
 ...                                              
                                                  
l.1 a
   nnotate-equations.sty^^@^^@^^@^^@^^@^^@^^@^^@^^@^^@^^@^^@^^@^^@^^@^^@^^@^^@
^^@^^@^^@^^@^^@^^@^^@^^@^^@^^@^^@^^@^^@^^@^^@^^@^^@^^@^^@^^@^^@^^@^^@^^@^^@^^@
^^@^^@^^@^^@^^@^^@^^@^^@...
You're in trouble here.  Try typing  <return>  to proceed.
If that doesn't work, type  X <return>  to quit.

! Text line contains an invalid character.
l.1 annotate-equations.sty^^@
                         ^^@^^@^^@^^@^^@^^@^^@^^@^^@^^@^^@^^@^^@^^@^^@^^@^^@^^@
^^@^^@^^@^^@^^@^^@^^@^^@^^@^^@^^@^^@^^@^^@^^@^^@^^@^^@^^@^^@^^@^^@^^@^^@^^@^^@
^^@^^@^^@^^@^^@^^@^^@...
A funny symbol that I can't read has just been input.
Continue, and I'll forget that it ever happened.

! Text line contains an invalid character.
l.1 annotate-equations.sty^^@^^@
                          ^^@^^@^^@^^@^^@^^@^^@^^@^^@^^@^^@^^@^^@^^@^^@^^@^^@
^^@^^@^^@^^@^^@^^@^^@^^@^^@^^@^^@^^@^^@^^@^^@^^@^^@^^@^^@^^@^^@^^@^^@^^@^^@^^@
^^@^^@^^@^^@^^@^^@^^@...
A funny symbol that I can't read has just been input.
Continue, and I'll forget that it ever happened.

! Text line contains an invalid character.
l.1 annotate-equations.sty^^@^^@^^@
                           ^^@^^@^^@^^@^^@^^@^^@^^@^^@^^@^^@^^@^^@^^@^^@^^@^^@
^^@^^@^^@^^@^^@^^@^^@^^@^^@^^@^^@^^@^^@^^@^^@^^@^^@^^@^^@^^@^^@^^@^^@^^@^^@^^@
^^@^^@^^@^^@^^@^^@...
A funny symbol that I can't read has just been input.
Continue, and I'll forget that it ever happened.

! Text line contains an invalid character.
l.1 annotate-equations.sty^^@^^@^^@^^@
                            ^^@^^@^^@^^@^^@^^@^^@^^@^^@^^@^^@^^@^^@^^@^^@^^@^^@
^^@^^@^^@^^@^^@^^@^^@^^@^^@^^@^^@^^@^^@^^@^^@^^@^^@^^@^^@^^@^^@^^@^^@^^@^^@^^@
^^@^^@^^@^^@^^@...
A funny symbol that I can't read has just been input.
Continue, and I'll forget that it ever happened.

! Text line contains an invalid character.
l.1 annotate-equations.sty^^@^^@^^@^^@^^@
                             ^^@^^@^^@^^@^^@^^@^^@^^@^^@^^@^^@^^@^^@^^@^^@^^@
^^@^^@^^@^^@^^@^^@^^@^^@^^@^^@^^@^^@^^@^^@^^@^^@^^@^^@^^@^^@^^@^^@^^@^^@^^@^^@
^^@^^@^^@^^@^^@...
A funny symbol that I can't read has just been input.
Continue, and I'll forget that it ever happened.

! Text line contains an invalid character.
l.1 annotate-equations.sty^^@^^@^^@^^@^^@^^@
                              ^^@^^@^^@^^@^^@^^@^^@^^@^^@^^@^^@^^@^^@^^@^^@^^@
^^@^^@^^@^^@^^@^^@^^@^^@^^@^^@^^@^^@^^@^^@^^@^^@^^@^^@^^@^^@^^@^^@^^@^^@^^@^^@
^^@^^@^^@^^@...
A funny symbol that I can't read has just been input.
Continue, and I'll forget that it ever happened.

! Text line contains an invalid character.
l.1 annotate-equations.sty^^@^^@^^@^^@^^@^^@^^@
                               ^^@^^@^^@^^@^^@^^@^^@^^@^^@^^@^^@^^@^^@^^@^^@^^@
^^@^^@^^@^^@^^@^^@^^@^^@^^@^^@^^@^^@^^@^^@^^@^^@^^@^^@^^@^^@^^@^^@^^@^^@^^@^^@
^^@^^@^^@...
A funny symbol that I can't read has just been input.
Continue, and I'll forget that it ever happened.

! Text line contains an invalid character.
l.1 annotate-equations.sty^^@^^@^^@^^@^^@^^@^^@^^@
                                ^^@^^@^^@^^@^^@^^@^^@^^@^^@^^@^^@^^@^^@^^@^^@
^^@^^@^^@^^@^^@^^@^^@^^@^^@^^@^^@^^@^^@^^@^^@^^@^^@^^@^^@^^@^^@^^@^^@^^@^^@^^@
^^@^^@^^@...
A funny symbol that I can't read has just been input.
Continue, and I'll forget that it ever happened.

! Text line contains an invalid character.
l.1 annotate-equations.sty^^@^^@^^@^^@^^@^^@^^@^^@^^@
                                 ^^@^^@^^@^^@^^@^^@^^@^^@^^@^^@^^@^^@^^@^^@^^@
^^@^^@^^@^^@^^@^^@^^@^^@^^@^^@^^@^^@^^@^^@^^@^^@^^@^^@^^@^^@^^@^^@^^@^^@^^@^^@
^^@^^@...
A funny symbol that I can't read has just been input.
Continue, and I'll forget that it ever happened.

! Text line contains an invalid character.
l.1 annotate-equations.sty^^@^^@^^@^^@^^@^^@^^@^^@^^@^^@
                                  ^^@^^@^^@^^@^^@^^@^^@^^@^^@^^@^^@^^@^^@^^@^^@
^^@^^@^^@^^@^^@^^@^^@^^@^^@^^@^^@^^@^^@^^@^^@^^@^^@^^@^^@^^@^^@^^@^^@^^@^^@^^@
^^@...
A funny symbol that I can't read has just been input.
Continue, and I'll forget that it ever happened.

! Text line contains an invalid character.
l.1 annotate-equations.sty^^@^^@^^@^^@^^@^^@^^@^^@^^@^^@^^@
                                   ^^@^^@^^@^^@^^@^^@^^@^^@^^@^^@^^@^^@^^@^^@
^^@^^@^^@^^@^^@^^@^^@^^@^^@^^@^^@^^@^^@^^@^^@^^@^^@^^@^^@^^@^^@^^@^^@^^@^^@^^@
^^@...
A funny symbol that I can't read has just been input.
Continue, and I'll forget that it ever happened.

! Text line contains an invalid character.
l.1 annotate-equations.sty^^@^^@^^@^^@^^@^^@^^@^^@^^@^^@^^@^^@
                                    ^^@^^@^^@^^@^^@^^@^^@^^@^^@^^@^^@^^@^^@^^@
^^@^^@^^@^^@^^@^^@^^@^^@^^@^^@^^@^^@^^@^^@^^@^^@^^@^^@^^@^^@^^@^^@^^@^^@^^@^^@..
.
A funny symbol that I can't read has just been input.
Continue, and I'll forget that it ever happened.

! Text line contains an invalid character.
l.1 annotate-equations.sty^^@^^@^^@^^@^^@^^@^^@^^@^^@^^@^^@^^@^^@
                                     ^^@^^@^^@^^@^^@^^@^^@^^@^^@^^@^^@^^@^^@^^@
^^@^^@^^@^^@^^@^^@^^@^^@^^@^^@^^@^^@^^@^^@^^@^^@^^@^^@^^@^^@^^@^^@^^@^^@^^@...
A funny symbol that I can't read has just been input.
Continue, and I'll forget that it ever happened.

! Text line contains an invalid character.
l.1 annotate-equations.sty^^@^^@^^@^^@^^@^^@^^@^^@^^@^^@^^@^^@^^@^^@
                                      ^^@^^@^^@^^@^^@^^@^^@^^@^^@^^@^^@^^@^^@
^^@^^@^^@^^@^^@^^@^^@^^@^^@^^@^^@^^@^^@^^@^^@^^@^^@^^@^^@^^@^^@^^@^^@^^@^^@...
A funny symbol that I can't read has just been input.
Continue, and I'll forget that it ever happened.

! Text line contains an invalid character.
l.1 annotate-equations.sty^^@^^@^^@^^@^^@^^@^^@^^@^^@^^@^^@^^@^^@^^@^^@
                                       ^^@^^@^^@^^@^^@^^@^^@^^@^^@^^@^^@^^@^^@
^^@^^@^^@^^@^^@^^@^^@^^@^^@^^@^^@^^@^^@^^@^^@^^@^^@^^@^^@^^@^^@^^@^^@^^@...
A funny symbol that I can't read has just been input.
Continue, and I'll forget that it ever happened.

! Text line contains an invalid character.
l.1 annotate-equations.sty^^@^^@^^@^^@^^@^^@^^@^^@^^@^^@^^@^^@^^@^^@^^@^^@
                                        ^^@^^@^^@^^@^^@^^@^^@^^@^^@^^@^^@^^@^^@
^^@^^@^^@^^@^^@^^@^^@^^@^^@^^@^^@^^@^^@^^@^^@^^@^^@^^@^^@^^@^^@^^@^^@...
A funny symbol that I can't read has just been input.
Continue, and I'll forget that it ever happened.

! Text line contains an invalid character.
l.1 annotate-equations.sty^^@^^@^^@^^@^^@^^@^^@^^@^^@^^@^^@^^@^^@^^@^^@^^@^^@
                                         ^^@^^@^^@^^@^^@^^@^^@^^@^^@^^@^^@^^@
^^@^^@^^@^^@^^@^^@^^@^^@^^@^^@^^@^^@^^@^^@^^@^^@^^@^^@^^@^^@^^@^^@^^@...
A funny symbol that I can't read has just been input.
Continue, and I'll forget that it ever happened.

! Text line contains an invalid character.
l.1 annotate-equations.sty^^@^^@^^@^^@^^@^^@^^@^^@^^@^^@^^@^^@^^@^^@^^@^^@^^@
^^@
                                          ^^@^^@^^@^^@^^@^^@^^@^^@^^@^^@^^@^^@
^^@^^@^^@^^@^^@^^@^^@^^@^^@^^@^^@^^@^^@^^@^^@^^@^^@^^@^^@^^@^^@^^@...
A funny symbol that I can't read has just been input.
Continue, and I'll forget that it ever happened.

! Text line contains an invalid character.
l.1 annotate-equations.sty^^@^^@^^@^^@^^@^^@^^@^^@^^@^^@^^@^^@^^@^^@^^@^^@^^@
^^@^^@
                                           ^^@^^@^^@^^@^^@^^@^^@^^@^^@^^@^^@^^@
^^@^^@^^@^^@^^@^^@^^@^^@^^@^^@^^@^^@^^@^^@^^@^^@^^@^^@^^@^^@^^@...
A funny symbol that I can't read has just been input.
Continue, and I'll forget that it ever happened.

! Text line contains an invalid character.
l.1 annotate-equations.sty^^@^^@^^@^^@^^@^^@^^@^^@^^@^^@^^@^^@^^@^^@^^@^^@^^@
^^@^^@^^@
                                            ^^@^^@^^@^^@^^@^^@^^@^^@^^@^^@^^@
^^@^^@^^@^^@^^@^^@^^@^^@^^@^^@^^@^^@^^@^^@^^@^^@^^@^^@^^@^^@^^@...
A funny symbol that I can't read has just been input.
Continue, and I'll forget that it ever happened.

! Text line contains an invalid character.
l.1 annotate-equations.sty^^@^^@^^@^^@^^@^^@^^@^^@^^@^^@^^@^^@^^@^^@^^@^^@^^@
^^@^^@^^@^^@
                                             ^^@^^@^^@^^@^^@^^@^^@^^@^^@^^@^^@
^^@^^@^^@^^@^^@^^@^^@^^@^^@^^@^^@^^@^^@^^@^^@^^@^^@^^@^^@^^@...
A funny symbol that I can't read has just been input.
Continue, and I'll forget that it ever happened.

! Text line contains an invalid character.
l.1 annotate-equations.sty^^@^^@^^@^^@^^@^^@^^@^^@^^@^^@^^@^^@^^@^^@^^@^^@^^@
^^@^^@^^@^^@^^@
                                              ^^@^^@^^@^^@^^@^^@^^@^^@^^@^^@^^@
^^@^^@^^@^^@^^@^^@^^@^^@^^@^^@^^@^^@^^@^^@^^@^^@^^@^^@^^@...
A funny symbol that I can't read has just been input.
Continue, and I'll forget that it ever happened.

! Text line contains an invalid character.
l.1 annotate-equations.sty^^@^^@^^@^^@^^@^^@^^@^^@^^@^^@^^@^^@^^@^^@^^@^^@^^@
^^@^^@^^@^^@^^@^^@
                                               ^^@^^@^^@^^@^^@^^@^^@^^@^^@^^@
^^@^^@^^@^^@^^@^^@^^@^^@^^@^^@^^@^^@^^@^^@^^@^^@^^@^^@^^@...
A funny symbol that I can't read has just been input.
Continue, and I'll forget that it ever happened.

! Text line contains an invalid character.
l.1 annotate-equations.sty^^@^^@^^@^^@^^@^^@^^@^^@^^@^^@^^@^^@^^@^^@^^@^^@^^@
^^@^^@^^@^^@^^@^^@^^@
                                                ^^@^^@^^@^^@^^@^^@^^@^^@^^@^^@
^^@^^@^^@^^@^^@^^@^^@^^@^^@^^@^^@^^@^^@^^@^^@^^@^^@^^@...
A funny symbol that I can't read has just been input.
Continue, and I'll forget that it ever happened.

! Text line contains an invalid character.
l.1 annotate-equations.sty^^@^^@^^@^^@^^@^^@^^@^^@^^@^^@^^@^^@^^@^^@^^@^^@^^@
^^@^^@^^@^^@^^@^^@^^@^^@
                                                 ^^@^^@^^@^^@^^@^^@^^@^^@^^@^^@
^^@^^@^^@^^@^^@^^@^^@^^@^^@^^@^^@^^@^^@^^@^^@^^@^^@...
A funny symbol that I can't read has just been input.
Continue, and I'll forget that it ever happened.

! Text line contains an invalid character.
l.1 annotate-equations.sty^^@^^@^^@^^@^^@^^@^^@^^@^^@^^@^^@^^@^^@^^@^^@^^@^^@
^^@^^@^^@^^@^^@^^@^^@^^@^^@
                                                  ^^@^^@^^@^^@^^@^^@^^@^^@^^@
^^@^^@^^@^^@^^@^^@^^@^^@^^@^^@^^@^^@^^@^^@^^@^^@^^@...
A funny symbol that I can't read has just been input.
Continue, and I'll forget that it ever happened.

! Text line contains an invalid character.
l.1 ...tate-equations.sty^^@^^@^^@^^@^^@^^@^^@^^@^^@^^@^^@^^@^^@^^@^^@^^@^^@^^@
^^@^^@^^@^^@^^@^^@^^@^^@^^@
                                                  ^^@^^@^^@^^@^^@^^@^^@^^@^^@
^^@^^@^^@^^@^^@^^@^^@^^@^^@^^@^^@^^@^^@^^@^^@^^@^^@...
A funny symbol that I can't read has just been input.
Continue, and I'll forget that it ever happened.

! Text line contains an invalid character.
l.1 ...ate-equations.sty^^@^^@^^@^^@^^@^^@^^@^^@^^@^^@^^@^^@^^@^^@^^@^^@^^@^^@
^^@^^@^^@^^@^^@^^@^^@^^@^^@^^@
                                                  ^^@^^@^^@^^@^^@^^@^^@^^@^^@
^^@^^@^^@^^@^^@^^@^^@^^@^^@^^@^^@^^@^^@^^@^^@^^@^^@...
A funny symbol that I can't read has just been input.
Continue, and I'll forget that it ever happened.

! Text line contains an invalid character.
l.1 ...te-equations.sty^^@^^@^^@^^@^^@^^@^^@^^@^^@^^@^^@^^@^^@^^@^^@^^@^^@^^@
^^@^^@^^@^^@^^@^^@^^@^^@^^@^^@^^@
                                                  ^^@^^@^^@^^@^^@^^@^^@^^@^^@
^^@^^@^^@^^@^^@^^@^^@^^@^^@^^@^^@^^@^^@^^@^^@^^@^^@...
A funny symbol that I can't read has just been input.
Continue, and I'll forget that it ever happened.

! Text line contains an invalid character.
l.1 ...e-equations.sty^^@^^@^^@^^@^^@^^@^^@^^@^^@^^@^^@^^@^^@^^@^^@^^@^^@^^@^^@
^^@^^@^^@^^@^^@^^@^^@^^@^^@^^@^^@
                                                  ^^@^^@^^@^^@^^@^^@^^@^^@^^@
^^@^^@^^@^^@^^@^^@^^@^^@^^@^^@^^@^^@^^@^^@^^@^^@^^@...
A funny symbol that I can't read has just been input.
Continue, and I'll forget that it ever happened.

! Text line contains an invalid character.
l.1 ...-equations.sty^^@^^@^^@^^@^^@^^@^^@^^@^^@^^@^^@^^@^^@^^@^^@^^@^^@^^@^^@
^^@^^@^^@^^@^^@^^@^^@^^@^^@^^@^^@^^@
                                                  ^^@^^@^^@^^@^^@^^@^^@^^@^^@
^^@^^@^^@^^@^^@^^@^^@^^@^^@^^@^^@^^@^^@^^@^^@^^@^^@...
A funny symbol that I can't read has just been input.
Continue, and I'll forget that it ever happened.

! Text line contains an invalid character.
l.1 ...equations.sty^^@^^@^^@^^@^^@^^@^^@^^@^^@^^@^^@^^@^^@^^@^^@^^@^^@^^@^^@
^^@^^@^^@^^@^^@^^@^^@^^@^^@^^@^^@^^@^^@
                                                  ^^@^^@^^@^^@^^@^^@^^@^^@^^@
^^@^^@^^@^^@^^@^^@^^@^^@^^@^^@^^@^^@^^@^^@^^@^^@^^@...
A funny symbol that I can't read has just been input.
Continue, and I'll forget that it ever happened.

! Text line contains an invalid character.
l.1 ...quations.sty^^@^^@^^@^^@^^@^^@^^@^^@^^@^^@^^@^^@^^@^^@^^@^^@^^@^^@^^@^^@
^^@^^@^^@^^@^^@^^@^^@^^@^^@^^@^^@^^@^^@
                                                  ^^@^^@^^@^^@^^@^^@^^@^^@^^@
^^@^^@^^@^^@^^@^^@^^@^^@^^@^^@^^@^^@^^@^^@^^@^^@^^@...
A funny symbol that I can't read has just been input.
Continue, and I'll forget that it ever happened.

! Text line contains an invalid character.
l.1 ...uations.sty^^@^^@^^@^^@^^@^^@^^@^^@^^@^^@^^@^^@^^@^^@^^@^^@^^@^^@^^@^^@
^^@^^@^^@^^@^^@^^@^^@^^@^^@^^@^^@^^@^^@^^@
                                                  ^^@^^@^^@^^@^^@^^@^^@^^@^^@
^^@^^@^^@^^@^^@^^@^^@^^@^^@^^@^^@^^@^^@^^@^^@^^@^^@...
A funny symbol that I can't read has just been input.
Continue, and I'll forget that it ever happened.

! Text line contains an invalid character.
l.1 ...ations.sty^^@^^@^^@^^@^^@^^@^^@^^@^^@^^@^^@^^@^^@^^@^^@^^@^^@^^@^^@^^@
^^@^^@^^@^^@^^@^^@^^@^^@^^@^^@^^@^^@^^@^^@^^@
                                                  ^^@^^@^^@^^@^^@^^@^^@^^@^^@
^^@^^@^^@^^@^^@^^@^^@^^@^^@^^@^^@^^@^^@^^@^^@^^@^^@...
A funny symbol that I can't read has just been input.
Continue, and I'll forget that it ever happened.

! Text line contains an invalid character.
l.1 ...tions.sty^^@^^@^^@^^@^^@^^@^^@^^@^^@^^@^^@^^@^^@^^@^^@^^@^^@^^@^^@^^@^^@
^^@^^@^^@^^@^^@^^@^^@^^@^^@^^@^^@^^@^^@^^@^^@
                                                  ^^@^^@^^@^^@^^@^^@^^@^^@^^@
^^@^^@^^@^^@^^@^^@^^@^^@^^@^^@^^@^^@^^@^^@^^@^^@^^@...
A funny symbol that I can't read has just been input.
Continue, and I'll forget that it ever happened.

! Text line contains an invalid character.
l.1 ...ions.sty^^@^^@^^@^^@^^@^^@^^@^^@^^@^^@^^@^^@^^@^^@^^@^^@^^@^^@^^@^^@^^@
^^@^^@^^@^^@^^@^^@^^@^^@^^@^^@^^@^^@^^@^^@^^@^^@
                                                  ^^@^^@^^@^^@^^@^^@^^@^^@^^@
^^@^^@^^@^^@^^@^^@^^@^^@^^@^^@^^@^^@^^@^^@^^@^^@^^@...
A funny symbol that I can't read has just been input.
Continue, and I'll forget that it ever happened.

! Text line contains an invalid character.
l.1 ...ons.sty^^@^^@^^@^^@^^@^^@^^@^^@^^@^^@^^@^^@^^@^^@^^@^^@^^@^^@^^@^^@^^@
^^@^^@^^@^^@^^@^^@^^@^^@^^@^^@^^@^^@^^@^^@^^@^^@^^@
                                                  ^^@^^@^^@^^@^^@^^@^^@^^@^^@
^^@^^@^^@^^@^^@^^@^^@^^@^^@^^@^^@^^@^^@^^@^^@^^@^^@...
A funny symbol that I can't read has just been input.
Continue, and I'll forget that it ever happened.

! Text line contains an invalid character.
l.1 ...ns.sty^^@^^@^^@^^@^^@^^@^^@^^@^^@^^@^^@^^@^^@^^@^^@^^@^^@^^@^^@^^@^^@^^@
^^@^^@^^@^^@^^@^^@^^@^^@^^@^^@^^@^^@^^@^^@^^@^^@^^@
                                                  ^^@^^@^^@^^@^^@^^@^^@^^@^^@
^^@^^@^^@^^@^^@^^@^^@^^@^^@^^@^^@^^@^^@^^@^^@^^@^^@...
A funny symbol that I can't read has just been input.
Continue, and I'll forget that it ever happened.

! Text line contains an invalid character.
l.1 ...s.sty^^@^^@^^@^^@^^@^^@^^@^^@^^@^^@^^@^^@^^@^^@^^@^^@^^@^^@^^@^^@^^@^^@
^^@^^@^^@^^@^^@^^@^^@^^@^^@^^@^^@^^@^^@^^@^^@^^@^^@^^@
                                                  ^^@^^@^^@^^@^^@^^@^^@^^@^^@
^^@^^@^^@^^@^^@^^@^^@^^@^^@^^@^^@^^@^^@^^@^^@^^@^^@...
A funny symbol that I can't read has just been input.
Continue, and I'll forget that it ever happened.

! Text line contains an invalid character.
l.1 ....sty^^@^^@^^@^^@^^@^^@^^@^^@^^@^^@^^@^^@^^@^^@^^@^^@^^@^^@^^@^^@^^@^^@
^^@^^@^^@^^@^^@^^@^^@^^@^^@^^@^^@^^@^^@^^@^^@^^@^^@^^@^^@
                                                  ^^@^^@^^@^^@^^@^^@^^@^^@^^@
^^@^^@^^@^^@^^@^^@^^@^^@^^@^^@^^@^^@^^@^^@^^@^^@^^@...
A funny symbol that I can't read has just been input.
Continue, and I'll forget that it ever happened.

! Text line contains an invalid character.
l.1 ...sty^^@^^@^^@^^@^^@^^@^^@^^@^^@^^@^^@^^@^^@^^@^^@^^@^^@^^@^^@^^@^^@^^@^^@
^^@^^@^^@^^@^^@^^@^^@^^@^^@^^@^^@^^@^^@^^@^^@^^@^^@^^@^^@
                                                  ^^@^^@^^@^^@^^@^^@^^@^^@^^@
^^@^^@^^@^^@^^@^^@^^@^^@^^@^^@^^@^^@^^@^^@^^@^^@^^@...
A funny symbol that I can't read has just been input.
Continue, and I'll forget that it ever happened.

! Text line contains an invalid character.
l.1 ...ty^^@^^@^^@^^@^^@^^@^^@^^@^^@^^@^^@^^@^^@^^@^^@^^@^^@^^@^^@^^@^^@^^@^^@
^^@^^@^^@^^@^^@^^@^^@^^@^^@^^@^^@^^@^^@^^@^^@^^@^^@^^@^^@^^@
                                                  ^^@^^@^^@^^@^^@^^@^^@^^@^^@
^^@^^@^^@^^@^^@^^@^^@^^@^^@^^@^^@^^@^^@^^@^^@^^@^^@...
A funny symbol that I can't read has just been input.
Continue, and I'll forget that it ever happened.

! Text line contains an invalid character.
l.1 ...y^^@^^@^^@^^@^^@^^@^^@^^@^^@^^@^^@^^@^^@^^@^^@^^@^^@^^@^^@^^@^^@^^@^^@
^^@^^@^^@^^@^^@^^@^^@^^@^^@^^@^^@^^@^^@^^@^^@^^@^^@^^@^^@^^@^^@
                                                  ^^@^^@^^@^^@^^@^^@^^@^^@^^@
^^@^^@^^@^^@^^@^^@^^@^^@^^@^^@^^@^^@^^@^^@^^@^^@^^@...
A funny symbol that I can't read has just been input.
Continue, and I'll forget that it ever happened.

! Text line contains an invalid character.
l.1 ...^^@^^@^^@^^@^^@^^@^^@^^@^^@^^@^^@^^@^^@^^@^^@^^@^^@^^@^^@^^@^^@^^@^^@^^@
^^@^^@^^@^^@^^@^^@^^@^^@^^@^^@^^@^^@^^@^^@^^@^^@^^@^^@^^@^^@^^@
                                                  ^^@^^@^^@^^@^^@^^@^^@^^@^^@
^^@^^@^^@^^@^^@^^@^^@^^@^^@^^@^^@^^@^^@^^@^^@^^@^^@...
A funny symbol that I can't read has just been input.
Continue, and I'll forget that it ever happened.

! Text line contains an invalid character.
l.1 ...^^@^^@^^@^^@^^@^^@^^@^^@^^@^^@^^@^^@^^@^^@^^@^^@^^@^^@^^@^^@^^@^^@^^@^^@
^^@^^@^^@^^@^^@^^@^^@^^@^^@^^@^^@^^@^^@^^@^^@^^@^^@^^@^^@^^@^^@
                                                  ^^@^^@^^@^^@^^@^^@^^@^^@^^@
^^@^^@^^@^^@^^@^^@^^@^^@^^@^^@^^@^^@^^@^^@^^@^^@^^@...
A funny symbol that I can't read has just been input.
Continue, and I'll forget that it ever happened.

! Text line contains an invalid character.
l.1 ...^^@^^@^^@^^@^^@^^@^^@^^@^^@^^@^^@^^@^^@^^@^^@^^@^^@^^@^^@^^@^^@^^@^^@^^@
^^@^^@^^@^^@^^@^^@^^@^^@^^@^^@^^@^^@^^@^^@^^@^^@^^@^^@^^@^^@^^@
                                                  ^^@^^@^^@^^@^^@^^@^^@^^@^^@
^^@^^@^^@^^@^^@^^@^^@^^@^^@^^@^^@^^@^^@^^@^^@^^@^^@...
A funny symbol that I can't read has just been input.
Continue, and I'll forget that it ever happened.

! Text line contains an invalid character.
l.1 ...^^@^^@^^@^^@^^@^^@^^@^^@^^@^^@^^@^^@^^@^^@^^@^^@^^@^^@^^@^^@^^@^^@^^@^^@
^^@^^@^^@^^@^^@^^@^^@^^@^^@^^@^^@^^@^^@^^@^^@^^@^^@^^@^^@^^@^^@
                                                  ^^@^^@^^@^^@^^@^^@^^@^^@^^@
^^@^^@^^@^^@^^@^^@^^@^^@^^@^^@^^@^^@^^@^^@^^@^^@^^@...
A funny symbol that I can't read has just been input.
Continue, and I'll forget that it ever happened.

! Text line contains an invalid character.
l.1 ...^^@^^@^^@^^@^^@^^@^^@^^@^^@^^@^^@^^@^^@^^@^^@^^@^^@^^@^^@^^@^^@^^@^^@^^@
^^@^^@^^@^^@^^@^^@^^@^^@^^@^^@^^@^^@^^@^^@^^@^^@^^@^^@^^@^^@^^@
                                                  ^^@^^@^^@^^@^^@^^@^^@^^@^^@
^^@^^@^^@^^@^^@^^@^^@^^@^^@^^@^^@^^@^^@^^@^^@^^@^^@...
A funny symbol that I can't read has just been input.
Continue, and I'll forget that it ever happened.

! Text line contains an invalid character.
l.1 ...^^@^^@^^@^^@^^@^^@^^@^^@^^@^^@^^@^^@^^@^^@^^@^^@^^@^^@^^@^^@^^@^^@^^@^^@
^^@^^@^^@^^@^^@^^@^^@^^@^^@^^@^^@^^@^^@^^@^^@^^@^^@^^@^^@^^@^^@
                                                  ^^@^^@^^@^^@^^@^^@^^@^^@^^@
^^@^^@^^@^^@^^@^^@^^@^^@^^@^^@^^@^^@^^@^^@^^@^^@^^@...
A funny symbol that I can't read has just been input.
Continue, and I'll forget that it ever happened.

! Text line contains an invalid character.
l.1 ...^^@^^@^^@^^@^^@^^@^^@^^@^^@^^@^^@^^@^^@^^@^^@^^@^^@^^@^^@^^@^^@^^@^^@^^@
^^@^^@^^@^^@^^@^^@^^@^^@^^@^^@^^@^^@^^@^^@^^@^^@^^@^^@^^@^^@^^@
                                                  ^^@^^@^^@^^@^^@^^@^^@^^@^^@
^^@^^@^^@^^@^^@^^@^^@^^@^^@^^@^^@^^@^^@^^@^^@^^@^^@...
A funny symbol that I can't read has just been input.
Continue, and I'll forget that it ever happened.

! Text line contains an invalid character.
l.1 ...^^@^^@^^@^^@^^@^^@^^@^^@^^@^^@^^@^^@^^@^^@^^@^^@^^@^^@^^@^^@^^@^^@^^@^^@
^^@^^@^^@^^@^^@^^@^^@^^@^^@^^@^^@^^@^^@^^@^^@^^@^^@^^@^^@^^@^^@
                                                  ^^@^^@^^@^^@^^@^^@^^@^^@^^@
^^@^^@^^@^^@^^@^^@^^@^^@^^@^^@^^@^^@^^@^^@^^@^^@^^@...
A funny symbol that I can't read has just been input.
Continue, and I'll forget that it ever happened.

! Text line contains an invalid character.
l.1 ...^^@^^@^^@^^@^^@^^@^^@^^@^^@^^@^^@^^@^^@^^@^^@^^@^^@^^@^^@^^@^^@^^@^^@^^@
^^@^^@^^@^^@^^@^^@^^@^^@^^@^^@^^@^^@^^@^^@^^@^^@^^@^^@^^@^^@^^@
                                                  ^^@^^@^^@^^@^^@^^@^^@^^@^^@
^^@^^@^^@^^@^^@^^@^^@^^@^^@^^@^^@^^@^^@^^@^^@^^@0...
A funny symbol that I can't read has just been input.
Continue, and I'll forget that it ever happened.

! Text line contains an invalid character.
l.1 ...^^@^^@^^@^^@^^@^^@^^@^^@^^@^^@^^@^^@^^@^^@^^@^^@^^@^^@^^@^^@^^@^^@^^@^^@
^^@^^@^^@^^@^^@^^@^^@^^@^^@^^@^^@^^@^^@^^@^^@^^@^^@^^@^^@^^@^^@
                                                  ^^@^^@^^@^^@^^@^^@^^@^^@^^@
^^@^^@^^@^^@^^@^^@^^@^^@^^@^^@^^@^^@^^@^^@^^@00...
A funny symbol that I can't read has just been input.
Continue, and I'll forget that it ever happened.

! Text line contains an invalid character.
l.1 ...^^@^^@^^@^^@^^@^^@^^@^^@^^@^^@^^@^^@^^@^^@^^@^^@^^@^^@^^@^^@^^@^^@^^@^^@
^^@^^@^^@^^@^^@^^@^^@^^@^^@^^@^^@^^@^^@^^@^^@^^@^^@^^@^^@^^@^^@
                                                  ^^@^^@^^@^^@^^@^^@^^@^^@^^@
^^@^^@^^@^^@^^@^^@^^@^^@^^@^^@^^@^^@^^@^^@000...
A funny symbol that I can't read has just been input.
Continue, and I'll forget that it ever happened.

! Text line contains an invalid character.
l.1 ...^^@^^@^^@^^@^^@^^@^^@^^@^^@^^@^^@^^@^^@^^@^^@^^@^^@^^@^^@^^@^^@^^@^^@^^@
^^@^^@^^@^^@^^@^^@^^@^^@^^@^^@^^@^^@^^@^^@^^@^^@^^@^^@^^@^^@^^@
                                                  ^^@^^@^^@^^@^^@^^@^^@^^@^^@
^^@^^@^^@^^@^^@^^@^^@^^@^^@^^@^^@^^@^^@0000...
A funny symbol that I can't read has just been input.
Continue, and I'll forget that it ever happened.

! Text line contains an invalid character.
l.1 ...^^@^^@^^@^^@^^@^^@^^@^^@^^@^^@^^@^^@^^@^^@^^@^^@^^@^^@^^@^^@^^@^^@^^@^^@
^^@^^@^^@^^@^^@^^@^^@^^@^^@^^@^^@^^@^^@^^@^^@^^@^^@^^@^^@^^@^^@
                                                  ^^@^^@^^@^^@^^@^^@^^@^^@^^@
^^@^^@^^@^^@^^@^^@^^@^^@^^@^^@^^@^^@00006...
A funny symbol that I can't read has just been input.
Continue, and I'll forget that it ever happened.

! Text line contains an invalid character.
l.1 ...^^@^^@^^@^^@^^@^^@^^@^^@^^@^^@^^@^^@^^@^^@^^@^^@^^@^^@^^@^^@^^@^^@^^@^^@
^^@^^@^^@^^@^^@^^@^^@^^@^^@^^@^^@^^@^^@^^@^^@^^@^^@^^@^^@^^@^^@
                                                  ^^@^^@^^@^^@^^@^^@^^@^^@^^@
^^@^^@^^@^^@^^@^^@^^@^^@^^@^^@^^@000066...
A funny symbol that I can't read has just been input.
Continue, and I'll forget that it ever happened.

! Text line contains an invalid character.
l.1 ...^^@^^@^^@^^@^^@^^@^^@^^@^^@^^@^^@^^@^^@^^@^^@^^@^^@^^@^^@^^@^^@^^@^^@^^@
^^@^^@^^@^^@^^@^^@^^@^^@^^@^^@^^@^^@^^@^^@^^@^^@^^@^^@^^@^^@^^@
                                                  ^^@^^@^^@^^@^^@^^@^^@^^@^^@
^^@^^@^^@^^@^^@^^@^^@^^@^^@^^@0000664...
A funny symbol that I can't read has just been input.
Continue, and I'll forget that it ever happened.

! Text line contains an invalid character.
l.1 ...^^@^^@^^@^^@^^@^^@^^@^^@^^@^^@^^@^^@^^@^^@^^@^^@^^@^^@^^@^^@^^@^^@^^@^^@
^^@^^@^^@^^@^^@^^@^^@^^@^^@^^@^^@^^@^^@^^@^^@^^@^^@^^@^^@^^@^^@
                                                  ^^@^^@^^@^^@^^@^^@^^@^^@^^@
^^@^^@^^@^^@^^@^^@^^@^^@^^@0000664^^@...
A funny symbol that I can't read has just been input.
Continue, and I'll forget that it ever happened.

! Text line contains an invalid character.
l.1 ...^^@^^@^^@^^@^^@^^@^^@^^@^^@^^@^^@^^@^^@^^@^^@^^@^^@^^@^^@^^@^^@^^@^^@^^@
^^@^^@^^@^^@^^@^^@^^@^^@^^@^^@^^@^^@^^@^^@^^@^^@^^@^^@^^@^^@^^@
                                                  ^^@^^@^^@^^@^^@^^@^^@^^@^^@
^^@^^@^^@^^@^^@^^@^^@^^@0000664^^@0...
A funny symbol that I can't read has just been input.
Continue, and I'll forget that it ever happened.

! Text line contains an invalid character.
l.1 ...^^@^^@^^@^^@^^@^^@^^@^^@^^@^^@^^@^^@^^@^^@^^@^^@^^@^^@^^@^^@^^@^^@^^@^^@
^^@^^@^^@^^@^^@^^@^^@^^@^^@^^@^^@^^@^^@^^@^^@^^@^^@^^@^^@^^@^^@
                                                  ^^@^^@^^@^^@^^@^^@^^@^^@^^@
^^@^^@^^@^^@^^@^^@^^@0000664^^@00...
A funny symbol that I can't read has just been input.
Continue, and I'll forget that it ever happened.

! Text line contains an invalid character.
l.1 ...^^@^^@^^@^^@^^@^^@^^@^^@^^@^^@^^@^^@^^@^^@^^@^^@^^@^^@^^@^^@^^@^^@^^@^^@
^^@^^@^^@^^@^^@^^@^^@^^@^^@^^@^^@^^@^^@^^@^^@^^@^^@^^@^^@^^@^^@
                                                  ^^@^^@^^@^^@^^@^^@^^@^^@^^@
^^@^^@^^@^^@^^@^^@0000664^^@000...
A funny symbol that I can't read has just been input.
Continue, and I'll forget that it ever happened.

! Text line contains an invalid character.
l.1 ...^^@^^@^^@^^@^^@^^@^^@^^@^^@^^@^^@^^@^^@^^@^^@^^@^^@^^@^^@^^@^^@^^@^^@^^@
^^@^^@^^@^^@^^@^^@^^@^^@^^@^^@^^@^^@^^@^^@^^@^^@^^@^^@^^@^^@^^@
                                                  ^^@^^@^^@^^@^^@^^@^^@^^@^^@
^^@^^@^^@^^@^^@0000664^^@0000...
A funny symbol that I can't read has just been input.
Continue, and I'll forget that it ever happened.

! Text line contains an invalid character.
l.1 ...^^@^^@^^@^^@^^@^^@^^@^^@^^@^^@^^@^^@^^@^^@^^@^^@^^@^^@^^@^^@^^@^^@^^@^^@
^^@^^@^^@^^@^^@^^@^^@^^@^^@^^@^^@^^@^^@^^@^^@^^@^^@^^@^^@^^@^^@
                                                  ^^@^^@^^@^^@^^@^^@^^@^^@^^@
^^@^^@^^@^^@0000664^^@00000...
A funny symbol that I can't read has just been input.
Continue, and I'll forget that it ever happened.

! Text line contains an invalid character.
l.1 ...^^@^^@^^@^^@^^@^^@^^@^^@^^@^^@^^@^^@^^@^^@^^@^^@^^@^^@^^@^^@^^@^^@^^@^^@
^^@^^@^^@^^@^^@^^@^^@^^@^^@^^@^^@^^@^^@^^@^^@^^@^^@^^@^^@^^@^^@
                                                  ^^@^^@^^@^^@^^@^^@^^@^^@^^@
^^@^^@^^@0000664^^@000000...
A funny symbol that I can't read has just been input.
Continue, and I'll forget that it ever happened.

! Text line contains an invalid character.
l.1 ...^^@^^@^^@^^@^^@^^@^^@^^@^^@^^@^^@^^@^^@^^@^^@^^@^^@^^@^^@^^@^^@^^@^^@^^@
^^@^^@^^@^^@^^@^^@^^@^^@^^@^^@^^@^^@^^@^^@^^@^^@^^@^^@^^@^^@^^@
                                                  ^^@^^@^^@^^@^^@^^@^^@^^@^^@
^^@^^@0000664^^@0000000...
A funny symbol that I can't read has just been input.
Continue, and I'll forget that it ever happened.

! Text line contains an invalid character.
l.1 ...^^@^^@^^@^^@^^@^^@^^@^^@^^@^^@^^@^^@^^@^^@^^@^^@^^@^^@^^@^^@^^@^^@^^@^^@
^^@^^@^^@^^@^^@^^@^^@^^@^^@^^@^^@^^@^^@^^@^^@^^@^^@^^@^^@^^@^^@
                                                  ^^@^^@^^@^^@^^@^^@^^@^^@^^@
^^@0000664^^@0000000^^@...
A funny symbol that I can't read has just been input.
Continue, and I'll forget that it ever happened.

! Text line contains an invalid character.
l.1 ...^^@^^@^^@^^@^^@^^@^^@^^@^^@^^@^^@^^@^^@^^@^^@^^@^^@^^@^^@^^@^^@^^@^^@^^@
^^@^^@^^@^^@^^@^^@^^@^^@^^@^^@^^@^^@^^@^^@^^@^^@^^@^^@^^@^^@^^@
                                                  ^^@^^@^^@^^@^^@^^@^^@^^@^^@00
00664^^@0000000^^@0...
A funny symbol that I can't read has just been input.
Continue, and I'll forget that it ever happened.

! Text line contains an invalid character.
l.1 ...^^@^^@^^@^^@^^@^^@^^@^^@^^@^^@^^@^^@^^@^^@^^@^^@^^@^^@^^@^^@^^@^^@^^@^^@
^^@^^@^^@^^@^^@^^@^^@^^@^^@^^@^^@^^@^^@^^@^^@^^@^^@^^@^^@^^@^^@
                                                  ^^@^^@^^@^^@^^@^^@^^@^^@00006
64^^@0000000^^@00...
A funny symbol that I can't read has just been input.
Continue, and I'll forget that it ever happened.

! Text line contains an invalid character.
l.1 ...^^@^^@^^@^^@^^@^^@^^@^^@^^@^^@^^@^^@^^@^^@^^@^^@^^@^^@^^@^^@^^@^^@^^@^^@
^^@^^@^^@^^@^^@^^@^^@^^@^^@^^@^^@^^@^^@^^@^^@^^@^^@^^@^^@^^@^^@
                                                  ^^@^^@^^@^^@^^@^^@^^@0000664
^^@0000000^^@000...
A funny symbol that I can't read has just been input.
Continue, and I'll forget that it ever happened.

! Text line contains an invalid character.
l.1 ...^^@^^@^^@^^@^^@^^@^^@^^@^^@^^@^^@^^@^^@^^@^^@^^@^^@^^@^^@^^@^^@^^@^^@^^@
^^@^^@^^@^^@^^@^^@^^@^^@^^@^^@^^@^^@^^@^^@^^@^^@^^@^^@^^@^^@^^@
                                                  ^^@^^@^^@^^@^^@^^@0000664^^@0
000000^^@0000...
A funny symbol that I can't read has just been input.
Continue, and I'll forget that it ever happened.

! Text line contains an invalid character.
l.1 ...^^@^^@^^@^^@^^@^^@^^@^^@^^@^^@^^@^^@^^@^^@^^@^^@^^@^^@^^@^^@^^@^^@^^@^^@
^^@^^@^^@^^@^^@^^@^^@^^@^^@^^@^^@^^@^^@^^@^^@^^@^^@^^@^^@^^@^^@
                                                  ^^@^^@^^@^^@^^@0000664^^@0000
000^^@00000...
A funny symbol that I can't read has just been input.
Continue, and I'll forget that it ever happened.

! Text line contains an invalid character.
l.1 ...^^@^^@^^@^^@^^@^^@^^@^^@^^@^^@^^@^^@^^@^^@^^@^^@^^@^^@^^@^^@^^@^^@^^@^^@
^^@^^@^^@^^@^^@^^@^^@^^@^^@^^@^^@^^@^^@^^@^^@^^@^^@^^@^^@^^@^^@
                                                  ^^@^^@^^@^^@0000664^^@0000000
^^@000000...
A funny symbol that I can't read has just been input.
Continue, and I'll forget that it ever happened.

! Text line contains an invalid character.
l.1 ...^^@^^@^^@^^@^^@^^@^^@^^@^^@^^@^^@^^@^^@^^@^^@^^@^^@^^@^^@^^@^^@^^@^^@^^@
^^@^^@^^@^^@^^@^^@^^@^^@^^@^^@^^@^^@^^@^^@^^@^^@^^@^^@^^@^^@^^@
                                                  ^^@^^@^^@0000664^^@0000000^^@
0000000...
A funny symbol that I can't read has just been input.
Continue, and I'll forget that it ever happened.

! Text line contains an invalid character.
l.1 ...^^@^^@^^@^^@^^@^^@^^@^^@^^@^^@^^@^^@^^@^^@^^@^^@^^@^^@^^@^^@^^@^^@^^@^^@
^^@^^@^^@^^@^^@^^@^^@^^@^^@^^@^^@^^@^^@^^@^^@^^@^^@^^@^^@^^@^^@
                                                  ^^@^^@0000664^^@0000000^^@000
0000^^@...
A funny symbol that I can't read has just been input.
Continue, and I'll forget that it ever happened.

! Text line contains an invalid character.
l.1 ...^^@^^@^^@^^@^^@^^@^^@^^@^^@^^@^^@^^@^^@^^@^^@^^@^^@^^@^^@^^@^^@^^@^^@^^@
^^@^^@^^@^^@^^@^^@^^@^^@^^@^^@^^@^^@^^@^^@^^@^^@^^@^^@^^@^^@^^@
                                                  ^^@0000664^^@0000000^^@000000
0^^@0...
A funny symbol that I can't read has just been input.
Continue, and I'll forget that it ever happened.

! Text line contains an invalid character.
l.1 ...^^@^^@^^@^^@^^@^^@^^@^^@^^@^^@^^@^^@^^@^^@^^@^^@^^@^^@^^@^^@^^@^^@^^@^^@
^^@^^@^^@^^@^^@^^@^^@^^@^^@^^@^^@^^@^^@^^@^^@^^@^^@^^@^^@^^@^^@
                                                  0000664^^@0000000^^@0000000
^^@00...
A funny symbol that I can't read has just been input.
Continue, and I'll forget that it ever happened.

! Text line contains an invalid character.
l.1 ...^^@^^@^^@^^@^^@^^@^^@^^@^^@^^@^^@^^@^^@^^@^^@^^@^^@^^@^^@^^@^^@^^@^^@^^@
^^@^^@^^@^^@^^@^^@^^@^^@^^@^^@^^@^^@^^@0000664^^@
                                                  0000000^^@0000000^^@000000173
7...
A funny symbol that I can't read has just been input.
Continue, and I'll forget that it ever happened.

! Text line contains an invalid character.
l.1 ...^^@^^@^^@^^@^^@^^@^^@^^@^^@^^@^^@^^@^^@^^@^^@^^@^^@^^@^^@^^@^^@^^@^^@^^@
^^@^^@^^@^^@^^@0000664^^@0000000^^@
                                                  0000000^^@00000017372^^@14746
4...
A funny symbol that I can't read has just been input.
Continue, and I'll forget that it ever happened.

! Text line contains an invalid character.
l.1 ...^^@^^@^^@^^@^^@^^@^^@^^@^^@^^@^^@^^@^^@^^@^^@^^@^^@^^@^^@^^@^^@0000664
^^@0000000^^@0000000^^@
                                                  00000017372^^@14746427741^^@0
1...
A funny symbol that I can't read has just been input.
Continue, and I'll forget that it ever happened.

! Text line contains an invalid character.
l.1 ...^^@^^@^^@^^@^^@^^@^^@^^@^^@0000664^^@0000000^^@0000000^^@00000017372^^@
                                                  14746427741^^@014170^^@ 0^^@
^^@^^@^^@^^@...
A funny symbol that I can't read has just been input.
Continue, and I'll forget that it ever happened.

! Text line contains an invalid character.
l.1 ...0664^^@0000000^^@0000000^^@00000017372^^@14746427741^^@
                                                  014170^^@ 0^^@^^@^^@^^@^^@^^@
^^@^^@^^@^^@^^@^^@^^@^^@^^@^^@^^@...
A funny symbol that I can't read has just been input.
Continue, and I'll forget that it ever happened.

! Text line contains an invalid character.
l.1 ...00000^^@0000000^^@00000017372^^@14746427741^^@014170^^@
                                                   0^^@^^@^^@^^@^^@^^@^^@^^@^^@
^^@^^@^^@^^@^^@^^@^^@^^@^^@^^@^^@^^@^^@^^@^^@...
A funny symbol that I can't read has just been input.
Continue, and I'll forget that it ever happened.

! Text line contains an invalid character.
l.1 ...00^^@0000000^^@00000017372^^@14746427741^^@014170^^@ 0^^@
                                                  ^^@^^@^^@^^@^^@^^@^^@^^@^^@
^^@^^@^^@^^@^^@^^@^^@^^@^^@^^@^^@^^@^^@^^@^^@^^@^^@...
A funny symbol that I can't read has just been input.
Continue, and I'll forget that it ever happened.

! Text line contains an invalid character.
l.1 ...0^^@0000000^^@00000017372^^@14746427741^^@014170^^@ 0^^@^^@
                                                  ^^@^^@^^@^^@^^@^^@^^@^^@^^@
^^@^^@^^@^^@^^@^^@^^@^^@^^@^^@^^@^^@^^@^^@^^@^^@^^@...
A funny symbol that I can't read has just been input.
Continue, and I'll forget that it ever happened.

! Text line contains an invalid character.
l.1 ...^^@0000000^^@00000017372^^@14746427741^^@014170^^@ 0^^@^^@^^@
                                                  ^^@^^@^^@^^@^^@^^@^^@^^@^^@
^^@^^@^^@^^@^^@^^@^^@^^@^^@^^@^^@^^@^^@^^@^^@^^@^^@...
A funny symbol that I can't read has just been input.
Continue, and I'll forget that it ever happened.

! Text line contains an invalid character.
l.1 ...0000000^^@00000017372^^@14746427741^^@014170^^@ 0^^@^^@^^@^^@
                                                  ^^@^^@^^@^^@^^@^^@^^@^^@^^@
^^@^^@^^@^^@^^@^^@^^@^^@^^@^^@^^@^^@^^@^^@^^@^^@^^@...
A funny symbol that I can't read has just been input.
Continue, and I'll forget that it ever happened.

! Text line contains an invalid character.
l.1 ...000000^^@00000017372^^@14746427741^^@014170^^@ 0^^@^^@^^@^^@^^@
                                                  ^^@^^@^^@^^@^^@^^@^^@^^@^^@
^^@^^@^^@^^@^^@^^@^^@^^@^^@^^@^^@^^@^^@^^@^^@^^@^^@...
A funny symbol that I can't read has just been input.
Continue, and I'll forget that it ever happened.

! Text line contains an invalid character.
l.1 ...00000^^@00000017372^^@14746427741^^@014170^^@ 0^^@^^@^^@^^@^^@^^@
                                                  ^^@^^@^^@^^@^^@^^@^^@^^@^^@
^^@^^@^^@^^@^^@^^@^^@^^@^^@^^@^^@^^@^^@^^@^^@^^@^^@...
A funny symbol that I can't read has just been input.
Continue, and I'll forget that it ever happened.

! Text line contains an invalid character.
l.1 ...0000^^@00000017372^^@14746427741^^@014170^^@ 0^^@^^@^^@^^@^^@^^@^^@
                                                  ^^@^^@^^@^^@^^@^^@^^@^^@^^@
^^@^^@^^@^^@^^@^^@^^@^^@^^@^^@^^@^^@^^@^^@^^@^^@^^@...
A funny symbol that I can't read has just been input.
Continue, and I'll forget that it ever happened.

! Text line contains an invalid character.
l.1 ...000^^@00000017372^^@14746427741^^@014170^^@ 0^^@^^@^^@^^@^^@^^@^^@^^@
                                                  ^^@^^@^^@^^@^^@^^@^^@^^@^^@
^^@^^@^^@^^@^^@^^@^^@^^@^^@^^@^^@^^@^^@^^@^^@^^@^^@...
A funny symbol that I can't read has just been input.
Continue, and I'll forget that it ever happened.

! Text line contains an invalid character.
l.1 ...00^^@00000017372^^@14746427741^^@014170^^@ 0^^@^^@^^@^^@^^@^^@^^@^^@^^@
                                                  ^^@^^@^^@^^@^^@^^@^^@^^@^^@
^^@^^@^^@^^@^^@^^@^^@^^@^^@^^@^^@^^@^^@^^@^^@^^@^^@...
A funny symbol that I can't read has just been input.
Continue, and I'll forget that it ever happened.

! Text line contains an invalid character.
l.1 ...0^^@00000017372^^@14746427741^^@014170^^@ 0^^@^^@^^@^^@^^@^^@^^@^^@^^@
^^@
                                                  ^^@^^@^^@^^@^^@^^@^^@^^@^^@
^^@^^@^^@^^@^^@^^@^^@^^@^^@^^@^^@^^@^^@^^@^^@^^@^^@...
A funny symbol that I can't read has just been input.
Continue, and I'll forget that it ever happened.

! Text line contains an invalid character.
l.1 ...^^@00000017372^^@14746427741^^@014170^^@ 0^^@^^@^^@^^@^^@^^@^^@^^@^^@^^@
^^@
                                                  ^^@^^@^^@^^@^^@^^@^^@^^@^^@
^^@^^@^^@^^@^^@^^@^^@^^@^^@^^@^^@^^@^^@^^@^^@^^@^^@...
A funny symbol that I can't read has just been input.
Continue, and I'll forget that it ever happened.

! Text line contains an invalid character.
l.1 ...00000017372^^@14746427741^^@014170^^@ 0^^@^^@^^@^^@^^@^^@^^@^^@^^@^^@^^@
^^@
                                                  ^^@^^@^^@^^@^^@^^@^^@^^@^^@
^^@^^@^^@^^@^^@^^@^^@^^@^^@^^@^^@^^@^^@^^@^^@^^@^^@...
A funny symbol that I can't read has just been input.
Continue, and I'll forget that it ever happened.

! Text line contains an invalid character.
l.1 ...0000017372^^@14746427741^^@014170^^@ 0^^@^^@^^@^^@^^@^^@^^@^^@^^@^^@^^@
^^@^^@
                                                  ^^@^^@^^@^^@^^@^^@^^@^^@^^@
^^@^^@^^@^^@^^@^^@^^@^^@^^@^^@^^@^^@^^@^^@^^@^^@^^@...
A funny symbol that I can't read has just been input.
Continue, and I'll forget that it ever happened.

! Text line contains an invalid character.
l.1 ...000017372^^@14746427741^^@014170^^@ 0^^@^^@^^@^^@^^@^^@^^@^^@^^@^^@^^@
^^@^^@^^@
                                                  ^^@^^@^^@^^@^^@^^@^^@^^@^^@
^^@^^@^^@^^@^^@^^@^^@^^@^^@^^@^^@^^@^^@^^@^^@^^@^^@...
A funny symbol that I can't read has just been input.
Continue, and I'll forget that it ever happened.

! Text line contains an invalid character.
l.1 ...00017372^^@14746427741^^@014170^^@ 0^^@^^@^^@^^@^^@^^@^^@^^@^^@^^@^^@^^@
^^@^^@^^@
                                                  ^^@^^@^^@^^@^^@^^@^^@^^@^^@
^^@^^@^^@^^@^^@^^@^^@^^@^^@^^@^^@^^@^^@^^@^^@^^@^^@...
(That makes 100 errors; please try again.)

Here is how much of LuaTeX's memory you used:
 17 strings out of 475664
 100000,552014 words of node,token memory allocated
 848 words of node memory still in use:
   2 hlist, 1 local_par, 1 dir, 2 glue, 3 kern, 73 glyph, 4 attribute, 39 glue_s
pec, 4 attribute_list, 1 temp nodes
   avail lists: 2:3,3:3,4:1,5:2
 22999 multiletter control sequences out of 65536+600000
 14 fonts using 591679 bytes
 15i,0n,18p,587b,15s stack positions out of 10000i,1000n,20000p,200000b,200000s
!  ==> Fatal error occurred, no output PDF file produced!
